<?xml version="1.0" encoding="UTF-8"?>
<!-- Generated by org.testng.reporters.JUnitReportReporter -->
<testsuite hostname="Nitin" name="projectoncommandprompt.test1" tests="1" failures="0" timestamp="27 Oct 2017 06:24:06 GMT" time="0.008" errors="0">
  <testcase name="help" time="0.008" classname="projectoncommandprompt.test1"/>
</testsuite>
